Started GET "/" for 127.0.0.1 at 2023-01-21 10:12:11 -0500
Processing by Rails::WelcomeController#index as HTML
  Rendering /home/guarapolabs/.rbenv/versions/3.0.2/lib/ruby/gems/3.0.0/gems/railties-7.0.4.1/lib/rails/templates/rails/welcome/index.html.erb
  Rendered /home/guarapolabs/.rbenv/versions/3.0.2/lib/ruby/gems/3.0.0/gems/railties-7.0.4.1/lib/rails/templates/rails/welcome/index.html.erb (Duration: 2.0ms | Allocations: 931)
Completed 200 OK in 17ms (Views: 6.8ms | ActiveRecord: 0.0ms | Allocations: 7975)


  [1m[35m (5.5ms)[0m  [1m[35mCREATE TABLE "schema_migrations" ("version" varchar NOT NULL PRIMARY KEY)[0m
  [1m[35m (5.2ms)[0m  [1m[35mCREATE TABLE "ar_internal_metadata" ("key" varchar NOT NULL PRIMARY KEY, "value" varchar, "created_at" datetime(6) NOT NULL, "updated_at" datetime(6) NOT NULL)[0m
  [1m[36mActiveRecord::SchemaMigration Pluck (0.1ms)[0m  [1m[34mSELECT "schema_migrations"."version" FROM "schema_migrations" ORDER BY "schema_migrations"."version" ASC[0m
Migrating to DeviseCreateUsers (20230121151922)
  [1m[36mTRANSACTION (0.1ms)[0m  [1m[36mbegin transaction[0m
  [1m[35m (0.3ms)[0m  [1m[35mCREATE TABLE "users" ("id" integer PRIMARY KEY AUTOINCREMENT NOT NULL, "email" varchar DEFAULT '' NOT NULL, "encrypted_password" varchar DEFAULT '' NOT NULL, "reset_password_token" varchar, "reset_password_sent_at" datetime(6), "remember_created_at" datetime(6), "created_at" datetime(6) NOT NULL, "updated_at" datetime(6) NOT NULL)[0m
  [1m[35m (0.2ms)[0m  [1m[35mCREATE UNIQUE INDEX "index_users_on_email" ON "users" ("email")[0m
  [1m[35m (0.1ms)[0m  [1m[35mCREATE UNIQUE INDEX "index_users_on_reset_password_token" ON "users" ("reset_password_token")[0m
  [1m[36mActiveRecord::SchemaMigration Create (0.2ms)[0m  [1m[32mINSERT INTO "schema_migrations" ("version") VALUES (?)[0m  [["version", "20230121151922"]]
  [1m[36mTRANSACTION (5.6ms)[0m  [1m[36mcommit transaction[0m
  [1m[36mActiveRecord::InternalMetadata Load (0.2ms)[0m  [1m[34mSELECT "ar_internal_metadata".* FROM "ar_internal_metadata" WHERE "ar_internal_metadata"."key" = ? LIMIT ?[0m  [["key", "environment"], ["LIMIT", 1]]
  [1m[36mTRANSACTION (0.0ms)[0m  [1m[36mbegin transaction[0m
  [1m[36mActiveRecord::InternalMetadata Create (0.2ms)[0m  [1m[32mINSERT INTO "ar_internal_metadata" ("key", "value", "created_at", "updated_at") VALUES (?, ?, ?, ?)[0m  [["key", "environment"], ["value", "development"], ["created_at", "2023-01-21 15:20:02.028520"], ["updated_at", "2023-01-21 15:20:02.028520"]]
  [1m[36mTRANSACTION (4.3ms)[0m  [1m[36mcommit transaction[0m
  [1m[36mActiveRecord::SchemaMigration Pluck (0.1ms)[0m  [1m[34mSELECT "schema_migrations"."version" FROM "schema_migrations" ORDER BY "schema_migrations"."version" ASC[0m
Started GET "/" for ::1 at 2023-01-21 10:20:24 -0500
  
NoMethodError (undefined method `devise_for' for #<ActionDispatch::Routing::Mapper:0x00007fa94c07cf18 @set=#<ActionDispatch::Routing::RouteSet:0x000055e3c5afd5d0>, @draw_paths=[#<Pathname:/home/guarapolabs/projects/Chuck-Norris/config/routes>], @scope=#<ActionDispatch::Routing::Mapper::Scope:0x00007fa94c07cec8 @hash={:path_names=>{:new=>"new", :edit=>"edit"}}, @parent=#<ActionDispatch::Routing::Mapper::Scope:0x000055e3c62ce160 @hash=nil, @parent=nil, @scope_level=nil>, @scope_level=nil>, @concerns={}>):
  
config/routes.rb:2:in `block in <main>'
config/routes.rb:1:in `<main>'
Started GET "/" for ::1 at 2023-01-21 10:20:57 -0500
  [1m[36mActiveRecord::SchemaMigration Pluck (0.3ms)[0m  [1m[34mSELECT "schema_migrations"."version" FROM "schema_migrations" ORDER BY "schema_migrations"."version" ASC[0m
  
ActionController::RoutingError (uninitialized constant HomeController):
  
Started GET "/users/sign_in" for ::1 at 2023-01-21 10:21:05 -0500
Processing by Devise::SessionsController#new as HTML
  Rendering layout layouts/application.html.erb
  Rendering /home/guarapolabs/.rbenv/versions/3.0.2/lib/ruby/gems/3.0.0/gems/devise-4.8.1/app/views/devise/sessions/new.html.erb within layouts/application
  Rendered /home/guarapolabs/.rbenv/versions/3.0.2/lib/ruby/gems/3.0.0/gems/devise-4.8.1/app/views/devise/shared/_links.html.erb (Duration: 2.7ms | Allocations: 995)
  Rendered /home/guarapolabs/.rbenv/versions/3.0.2/lib/ruby/gems/3.0.0/gems/devise-4.8.1/app/views/devise/sessions/new.html.erb within layouts/application (Duration: 32.8ms | Allocations: 10313)
  Rendered layout layouts/application.html.erb (Duration: 313.9ms | Allocations: 107424)
Completed 200 OK in 350ms (Views: 317.3ms | ActiveRecord: 0.9ms | Allocations: 130415)


  [1m[36mUser Count (0.2ms)[0m  [1m[34mSELECT COUNT(*) FROM "users"[0m
  [1m[36mTRANSACTION (0.1ms)[0m  [1m[36mbegin transaction[0m
  [1m[36mUser Exists? (0.1ms)[0m  [1m[34mSELECT 1 AS one FROM "users" WHERE "users"."email" = ? LIMIT ?[0m  [["email", "carlos@chuck.com"], ["LIMIT", 1]]
  [1m[36mUser Create (0.2ms)[0m  [1m[32mINSERT INTO "users" ("email", "encrypted_password", "reset_password_token", "reset_password_sent_at", "remember_created_at", "created_at", "updated_at") VALUES (?, ?, ?, ?, ?, ?, ?)[0m  [["email", "carlos@chuck.com"], ["encrypted_password", "[FILTERED]"], ["reset_password_token", "[FILTERED]"], ["reset_password_sent_at", "[FILTERED]"], ["remember_created_at", nil], ["created_at", "2023-01-21 15:26:09.091522"], ["updated_at", "2023-01-21 15:26:09.091522"]]
  [1m[36mTRANSACTION (15.1ms)[0m  [1m[36mcommit transaction[0m
Started POST "/users/sign_in" for ::1 at 2023-01-21 10:26:28 -0500
Processing by Devise::SessionsController#create as TURBO_STREAM
  Parameters: {"authenticity_token"=>"[FILTERED]", "user"=>{"email"=>"carlos@chuck.com", "password"=>"[FILTERED]", "remember_me"=>"0"}, "commit"=>"Log in"}
  [1m[36mUser Load (0.3ms)[0m  [1m[34mSELECT "users".* FROM "users" WHERE "users"."email" = ? ORDER BY "users"."id" ASC LIMIT ?[0m  [["email", "carlos@chuck.com"], ["LIMIT", 1]]
Redirected to http://localhost:3000/
Completed 302 Found in 227ms (ActiveRecord: 0.3ms | Allocations: 6530)


Started GET "/" for ::1 at 2023-01-21 10:26:28 -0500
  
ActionController::RoutingError (uninitialized constant HomeController):
  
Started GET "/users/sign_in" for ::1 at 2023-01-21 10:26:28 -0500
Processing by Devise::SessionsController#new as HTML
  [1m[36mUser Load (0.2ms)[0m  [1m[34mSELECT "users".* FROM "users" WHERE "users"."id" = ? ORDER BY "users"."id" ASC LIMIT ?[0m  [["id", 1], ["LIMIT", 1]]
Redirected to http://localhost:3000/
Filter chain halted as :require_no_authentication rendered or redirected
Completed 302 Found in 3ms (ActiveRecord: 0.2ms | Allocations: 1634)


Started GET "/" for ::1 at 2023-01-21 10:26:28 -0500
  
ActionController::RoutingError (uninitialized constant HomeController):
  
Started GET "/users/sign_in" for ::1 at 2023-01-21 10:26:58 -0500
Processing by Devise::SessionsController#new as HTML
  [1m[36mUser Load (0.1ms)[0m  [1m[34mSELECT "users".* FROM "users" WHERE "users"."id" = ? ORDER BY "users"."id" ASC LIMIT ?[0m  [["id", 1], ["LIMIT", 1]]
Redirected to http://localhost:3000/
Filter chain halted as :require_no_authentication rendered or redirected
Completed 302 Found in 4ms (ActiveRecord: 0.1ms | Allocations: 1387)


Started GET "/" for ::1 at 2023-01-21 10:26:58 -0500
  
ActionController::RoutingError (uninitialized constant HomeController):
  
  [1m[36mUser Load (0.3ms)[0m  [1m[34mSELECT "users".* FROM "users" ORDER BY "users"."id" DESC LIMIT ?[0m  [["LIMIT", 1]]
  [1m[36mUser Load (0.2ms)[0m  [1m[34mSELECT "users".* FROM "users" ORDER BY "users"."id" DESC LIMIT ?[0m  [["LIMIT", 1]]
  [1m[36mUser Load (0.2ms)[0m  [1m[34mSELECT "users".* FROM "users" ORDER BY "users"."id" DESC LIMIT ?[0m  [["LIMIT", 1]]
  [1m[36mUser Load (0.2ms)[0m  [1m[34mSELECT "users".* FROM "users" ORDER BY "users"."id" DESC LIMIT ?[0m  [["LIMIT", 1]]
Started GET "/users/sign_out" for ::1 at 2023-01-21 10:30:14 -0500
  
ActionController::RoutingError (No route matches [GET] "/users/sign_out"):
  
  [1m[36mUser Load (0.2ms)[0m  [1m[34mSELECT "users".* FROM "users" ORDER BY "users"."id" DESC LIMIT ?[0m  [["LIMIT", 1]]
Started GET "/users/sign_in" for ::1 at 2023-01-21 10:33:21 -0500
Processing by Devise::SessionsController#new as HTML
  [1m[36mUser Load (0.1ms)[0m  [1m[34mSELECT "users".* FROM "users" WHERE "users"."id" = ? ORDER BY "users"."id" ASC LIMIT ?[0m  [["id", 1], ["LIMIT", 1]]
Redirected to http://localhost:3000/
Filter chain halted as :require_no_authentication rendered or redirected
Completed 302 Found in 3ms (ActiveRecord: 0.4ms | Allocations: 1579)


Started GET "/" for ::1 at 2023-01-21 10:33:21 -0500
  
ActionController::RoutingError (uninitialized constant HomeController):
  
Started GET "/users/sign_up" for ::1 at 2023-01-21 10:33:39 -0500
Processing by Devise::RegistrationsController#new as HTML
  [1m[36mUser Load (0.1ms)[0m  [1m[34mSELECT "users".* FROM "users" WHERE "users"."id" = ? ORDER BY "users"."id" ASC LIMIT ?[0m  [["id", 1], ["LIMIT", 1]]
Redirected to http://localhost:3000/
Filter chain halted as :require_no_authentication rendered or redirected
Completed 302 Found in 2ms (ActiveRecord: 0.1ms | Allocations: 1801)


Started GET "/" for ::1 at 2023-01-21 10:33:39 -0500
  
ActionController::RoutingError (uninitialized constant HomeController):
  
